<?xml version="1.0" encoding="UTF-8"?>
<testng-results skipped="0" failed="0" ignored="0" total="1" passed="1">
  <reporter-output>
    <line>
      <![CDATA[Successfully Launched Chrome Browser]]>
    </line>
    <line>
      <![CDATA[Browser window is maximized successfully]]>
    </line>
    <line>
      <![CDATA[Home Page is displayed]]>
    </line>
    <line>
      <![CDATA[Apparel and shoes page is displayed]]>
    </line>
    <line>
      <![CDATA[Shopping Cart page is displayed]]>
    </line>
    <line>
      <![CDATA[Billing Address  page is displayed]]>
    </line>
    <line>
      <![CDATA[Confirm Order  page is displayed]]>
    </line>
  </reporter-output>
  <suite name="Default suite" duration-ms="30879" started-at="2022-03-02T19:56:13 IST" finished-at="2022-03-02T19:56:44 IST">
    <groups>
    </groups>
    <test name="Default test" duration-ms="30879" started-at="2022-03-02T19:56:13 IST" finished-at="2022-03-02T19:56:44 IST">
      <class name="apparelAndShoes.TC_AP_019Test">
        <test-method status="PASS" signature="openTheBrowser(java.lang.String)[pri:0, instance:apparelAndShoes.TC_AP_019Test@7a1ebcd8]" name="openTheBrowser" is-config="true" duration-ms="2653" started-at="2022-03-02T19:56:13 IST" finished-at="2022-03-02T19:56:16 IST">
          <params>
            <param index="0">
              <value>
                <![CDATA[chrome]]>
              </value>
            </param>
          </params>
          <reporter-output>
            <line>
              <![CDATA[Successfully Launched Chrome Browser]]>
            </line>
            <line>
              <![CDATA[Browser window is maximized successfully]]>
            </line>
          </reporter-output>
        </test-method> <!-- openTheBrowser -->
        <test-method status="PASS" signature="loginToApplication()[pri:0, instance:apparelAndShoes.TC_AP_019Test@7a1ebcd8]" name="loginToApplication" is-config="true" duration-ms="2916" started-at="2022-03-02T19:56:16 IST" finished-at="2022-03-02T19:56:19 IST">
          <reporter-output>
          </reporter-output>
        </test-method> <!-- loginToApplication -->
        <test-method status="PASS" signature="PlaceOrderProductUsingCreditCard()[pri:0, instance:apparelAndShoes.TC_AP_019Test@7a1ebcd8]" name="PlaceOrderProductUsingCreditCard" duration-ms="23333" started-at="2022-03-02T19:56:19 IST" finished-at="2022-03-02T19:56:42 IST">
          <reporter-output>
            <line>
              <![CDATA[Home Page is displayed]]>
            </line>
            <line>
              <![CDATA[Apparel and shoes page is displayed]]>
            </line>
            <line>
              <![CDATA[Shopping Cart page is displayed]]>
            </line>
            <line>
              <![CDATA[Billing Address  page is displayed]]>
            </line>
            <line>
              <![CDATA[Confirm Order  page is displayed]]>
            </line>
          </reporter-output>
        </test-method> <!-- PlaceOrderProductUsingCreditCard -->
        <test-method status="PASS" signature="logoutOfApplication()[pri:0, instance:apparelAndShoes.TC_AP_019Test@7a1ebcd8]" name="logoutOfApplication" is-config="true" duration-ms="1072" started-at="2022-03-02T19:56:42 IST" finished-at="2022-03-02T19:56:43 IST">
          <reporter-output>
          </reporter-output>
        </test-method> <!-- logoutOfApplication -->
        <test-method status="PASS" signature="closeTheBrowser()[pri:0, instance:apparelAndShoes.TC_AP_019Test@7a1ebcd8]" name="closeTheBrowser" is-config="true" duration-ms="836" started-at="2022-03-02T19:56:44 IST" finished-at="2022-03-02T19:56:44 IST">
          <reporter-output>
          </reporter-output>
        </test-method> <!-- closeTheBrowser -->
      </class> <!-- apparelAndShoes.TC_AP_019Test -->
    </test> <!-- Default test -->
  </suite> <!-- Default suite -->
</testng-results>
